<?xml version="1.0" encoding="UTF-8" ?>
<testsuites>
 <testsuite name="Another Suite" timestamp="2016-06-17T23:41:34" hostname="localhost" time="0" errors="0" tests="1" skipped="0" disabled="0" failures="0">
  <testcase classname="Another Suite" name="Another Suite Should pass this test as well." time="0" />
 </testsuite>
</testsuites>