<?xml version="1.0" encoding="UTF-8" ?>
<testsuites>
 <testsuite name="JUnitXmlReporter.generated xml output.spec result generation" timestamp="2016-06-18T00:19:20" hostname="localhost" time="0.024" errors="0" tests="7" skipped="0" disabled="0" failures="0">
  <testcase classname="JUnitXmlReporter.generated xml output.spec result generation" name="should include specs in order" time="0.001" />
  <testcase classname="JUnitXmlReporter.generated xml output.spec result generation" name="should escape bad xml characters in spec description" time="0" />
  <testcase classname="JUnitXmlReporter.generated xml output.spec result generation" name="should calculate duration" time="0.001" />
  <testcase classname="JUnitXmlReporter.generated xml output.spec result generation" name="should include failed matcher name as the failure type" time="0.001" />
  <testcase classname="JUnitXmlReporter.generated xml output.spec result generation" name="should include failure messages" time="0.001" />
  <testcase classname="JUnitXmlReporter.generated xml output.spec result generation" name="should include stack traces for failed specs (using CDATA to preserve special characters)" time="0" />
  <testcase classname="JUnitXmlReporter.generated xml output.spec result generation" name="should include &lt;skipped/&gt; for skipped specs" time="0.001" />
 </testsuite>
</testsuites>