<?xml version="1.0" encoding="UTF-8" ?>
<testsuites>
 <testsuite name="TeamCityReporter.General behavior" timestamp="2016-06-18T00:19:20" hostname="localhost" time="0.004" errors="0" tests="3" skipped="0" disabled="0" failures="0">
  <testcase classname="TeamCityReporter.General behavior" name="should log testSuiteStarted and testSuiteFinished events" time="0.003" />
  <testcase classname="TeamCityReporter.General behavior" name="should log testStarted and testFinished events" time="0" />
  <testcase classname="TeamCityReporter.General behavior" name="should log testFailed event including reason and stack trace" time="0.001" />
 </testsuite>
</testsuites>