<?xml version="1.0" encoding="UTF-8" ?>
<testsuites>
 <testsuite name="JUnitXmlReporter.generated xml output.suite result generation" timestamp="2016-06-18T00:19:20" hostname="localhost" time="0.01" errors="0" tests="5" skipped="0" disabled="0" failures="0">
  <testcase classname="JUnitXmlReporter.generated xml output.suite result generation" name="should include test suites in order" time="0.002" />
  <testcase classname="JUnitXmlReporter.generated xml output.suite result generation" name="should include total / failed / skipped counts for each suite (ignoring descendent results)" time="0.001" />
  <testcase classname="JUnitXmlReporter.generated xml output.suite result generation" name="should calculate duration" time="0.001" />
  <testcase classname="JUnitXmlReporter.generated xml output.suite result generation" name="should include timestamp as an ISO date string without timezone" time="0.001" />
  <testcase classname="JUnitXmlReporter.generated xml output.suite result generation" name="should include hostname, simply because the JUnit XSD says it is required" time="0" />
 </testsuite>
</testsuites>