<?xml version="1.0" encoding="UTF-8" ?>
<testsuites>
 <testsuite name="JUnitXmlReporter.generated xml output.captures stdout in &lt;xml-output&gt;" timestamp="2016-06-18T00:19:20" hostname="localhost" time="0.002" errors="0" tests="2" skipped="0" disabled="0" failures="0">
  <testcase classname="JUnitXmlReporter.generated xml output.captures stdout in &lt;xml-output&gt;" name="should record stdout" time="0.001" />
  <testcase classname="JUnitXmlReporter.generated xml output.captures stdout in &lt;xml-output&gt;" name="should discard any stdout for skipped tests" time="0.001" />
 </testsuite>
</testsuites>