<?xml version="1.0" encoding="UTF-8" ?>
<testsuites>
 <testsuite name="JUnitXmlReporter.generated xml output.modifyReportFileName" timestamp="2016-06-18T00:19:20" hostname="localhost" time="0.002" errors="0" tests="3" skipped="0" disabled="0" failures="0">
  <testcase classname="JUnitXmlReporter.generated xml output.modifyReportFileName" name="should construct filenames that contain modification" time="0.001" />
  <testcase classname="JUnitXmlReporter.generated xml output.modifyReportFileName" name="should include xml preamble once in all files" time="0" />
  <testcase classname="JUnitXmlReporter.generated xml output.modifyReportFileName" name="should include xml preamble once in all files" time="0.001" />
 </testsuite>
</testsuites>