<?xml version="1.0" encoding="UTF-8" ?>
<testsuites>
 <testsuite name="JUnitXmlReporter.generated xml output.classname generation" timestamp="2016-06-18T00:19:20" hostname="localhost" time="0.042" errors="0" tests="1" skipped="0" disabled="0" failures="0">
  <testcase classname="JUnitXmlReporter.generated xml output.classname generation" name="should remove invalid xml chars from the classname" time="0.001" />
 </testsuite>
</testsuites>