<?xml version="1.0" encoding="UTF-8" ?>
<testsuites>
 <testsuite name="NUnitXmlReporter.generated xml output.xml structure.passed specs" timestamp="2016-06-18T00:19:20" hostname="localhost" time="0.001" errors="0" tests="1" skipped="0" disabled="0" failures="0">
  <testcase classname="NUnitXmlReporter.generated xml output.xml structure.passed specs" name="should indicate that the test case was successful" time="0.001" />
 </testsuite>
</testsuites>