<?xml version="1.0" encoding="UTF-8" ?>
<testsuites>
 <testsuite name="JUnitXmlReporter.generated xml output.consolidatedAll=false, consolidate=true" timestamp="2016-06-18T00:19:20" hostname="localhost" time="0.016" errors="0" tests="5" skipped="0" disabled="0" failures="0">
  <testcase classname="JUnitXmlReporter.generated xml output.consolidatedAll=false, consolidate=true" name="should write one file per parent suite" time="0" />
  <testcase classname="JUnitXmlReporter.generated xml output.consolidatedAll=false, consolidate=true" name="should include results for top-level suite and its descendents" time="0.001" />
  <testcase classname="JUnitXmlReporter.generated xml output.consolidatedAll=false, consolidate=true" name="should construct filenames using filePrefix and suite description, removing bad characters" time="0.009" />
  <testcase classname="JUnitXmlReporter.generated xml output.consolidatedAll=false, consolidate=true" name="should include xml preamble once in all files" time="0.002" />
  <testcase classname="JUnitXmlReporter.generated xml output.consolidatedAll=false, consolidate=true" name="should include xml preamble once in all files" time="0.002" />
 </testsuite>
</testsuites>