<?xml version="1.0" encoding="UTF-8" ?>
<testsuites>
 <testsuite name="JUnitXmlReporter.generated xml output.classname generation.useDotNotation=true" timestamp="2016-06-18T00:19:20" hostname="localhost" time="0.002" errors="0" tests="1" skipped="0" disabled="0" failures="0">
  <testcase classname="JUnitXmlReporter.generated xml output.classname generation.useDotNotation=true" name="should use suite descriptions separated by periods" time="0.001" />
 </testsuite>
</testsuites>