<?xml version="1.0" encoding="UTF-8" ?>
<testsuites>
 <testsuite name="NUnitXmlReporter" timestamp="2016-06-18T00:19:20" hostname="localhost" time="0.061" errors="0" tests="0" skipped="0" disabled="0" failures="0">
 </testsuite>
</testsuites>