<?xml version="1.0" encoding="UTF-8" ?>
<testsuites>
 <testsuite name="JUnitXmlReporter.constructor.package" timestamp="2016-06-18T00:19:20" hostname="localhost" time="0.001" errors="0" tests="3" skipped="0" disabled="0" failures="0">
  <testcase classname="JUnitXmlReporter.constructor.package" name="should default output package to undefined" time="0" />
  <testcase classname="JUnitXmlReporter.constructor.package" name="should not set output package if a non-string is provided" time="0" />
  <testcase classname="JUnitXmlReporter.constructor.package" name="should set output package to the provided string" time="0" />
 </testsuite>
</testsuites>