<?xml version="1.0" encoding="UTF-8" ?>
<testsuites>
 <testsuite name="JUnitXmlReporter.constructor.stylesheetPath" timestamp="2016-06-18T00:19:20" hostname="localhost" time="0.001" errors="0" tests="4" skipped="0" disabled="0" failures="0">
  <testcase classname="JUnitXmlReporter.constructor.stylesheetPath" name="should default stylesheetPath to undefined" time="0" />
  <testcase classname="JUnitXmlReporter.constructor.stylesheetPath" name="should not set stylesheetPath if an empty or non-string is provided" time="0" />
  <testcase classname="JUnitXmlReporter.constructor.stylesheetPath" name="should set output stylesheetPath to the provided string" time="0" />
  <testcase classname="JUnitXmlReporter.constructor.stylesheetPath" name="should include the stylesheet in all generated output files" time="0.001" />
 </testsuite>
</testsuites>