<?xml version="1.0" encoding="UTF-8" ?>
<testsuites>
 <testsuite name="JUnitXmlReporter.constructor.file prefix" timestamp="2016-06-18T00:19:20" hostname="localhost" time="0.008" errors="0" tests="3" skipped="0" disabled="0" failures="0">
  <testcase classname="JUnitXmlReporter.constructor.file prefix" name="should default output file prefix to &apos;junitresults&apos;" time="0" />
  <testcase classname="JUnitXmlReporter.constructor.file prefix" name="should default output file prefix to &apos;junitresults-&apos; if consolidateAll is false" time="0.001" />
  <testcase classname="JUnitXmlReporter.constructor.file prefix" name="should prefix suite names if consolidateAll is false" time="0.007" />
 </testsuite>
</testsuites>