<?xml version="1.0" encoding="UTF-8" ?>
<testsuites>
 <testsuite name="JUnitXmlReporter.constructor" timestamp="2016-06-18T00:19:20" hostname="localhost" time="0.015" errors="0" tests="4" skipped="0" disabled="0" failures="0">
  <testcase classname="JUnitXmlReporter.constructor" name="should default path to an empty string" time="0.003" />
  <testcase classname="JUnitXmlReporter.constructor" name="should default consolidateAll to true" time="0.001" />
  <testcase classname="JUnitXmlReporter.constructor" name="should default consolidate to true" time="0" />
  <testcase classname="JUnitXmlReporter.constructor" name="should default useDotNotation to true" time="0" />
 </testsuite>
</testsuites>