<?xml version="1.0" encoding="UTF-8" ?>
<testsuites>
 <testsuite name="NUnitXmlReporter.constructor" timestamp="2016-06-18T00:19:20" hostname="localhost" time="0.019" errors="0" tests="6" skipped="0" disabled="0" failures="0">
  <testcase classname="NUnitXmlReporter.constructor" name="should default path to an empty string" time="0.001" />
  <testcase classname="NUnitXmlReporter.constructor" name="should allow a custom path to be provided" time="0.001" />
  <testcase classname="NUnitXmlReporter.constructor" name="should default filename to &apos;nunitresults.xml&apos;" time="0" />
  <testcase classname="NUnitXmlReporter.constructor" name="should allow a custom filename to be provided" time="0" />
  <testcase classname="NUnitXmlReporter.constructor" name="should default reportName to &apos;Jasmine Results&apos;" time="0.001" />
  <testcase classname="NUnitXmlReporter.constructor" name="should allow a custom reportName to be provided" time="0" />
 </testsuite>
</testsuites>