<?xml version="1.0" encoding="UTF-8" ?>
<testsuites>
 <testsuite name="TeamCityReporter.modifySuiteName" timestamp="2016-06-18T00:19:20" hostname="localhost" time="0.001" errors="0" tests="2" skipped="0" disabled="0" failures="0">
  <testcase classname="TeamCityReporter.modifySuiteName" name="should use the modification for suite names" time="0" />
  <testcase classname="TeamCityReporter.modifySuiteName" name="should *not* use the modification for spec names" time="0.001" />
 </testsuite>
</testsuites>